WARNING: A restricted method in java.lang.System has been called
WARNING: java.lang.System::load has been called by org.fusesource.jansi.internal.JansiLoader in an unnamed module (file:/C:/Users/Gustavo/.m2/wrapper/dists/apache-maven-3.9.9/977a63e90f436cd6ade95b4c0e10c20c/lib/jansi-2.4.1.jar)
WARNING: Use --enable-native-access=ALL-UNNAMED to avoid a warning for callers in this module
WARNING: Restricted methods will be blocked in a future release unless native access is enabled

WARNING: A terminally deprecated method in sun.misc.Unsafe has been called
WARNING: sun.misc.Unsafe::objectFieldOffset has been called by com.google.common.util.concurrent.AbstractFuture$UnsafeAtomicHelper (file:/C:/Users/Gustavo/.m2/wrapper/dists/apache-maven-3.9.9/977a63e90f436cd6ade95b4c0e10c20c/lib/guava-33.2.1-jre.jar)
WARNING: Please consider reporting this to the maintainers of class com.google.common.util.concurrent.AbstractFuture$UnsafeAtomicHelper
WARNING: sun.misc.Unsafe::objectFieldOffset will be removed in a future release
[INFO] Scanning for projects...
[INFO] 
[INFO] ---------------< com.petexpress:petexpress-site-backend >---------------
[INFO] Building petexpress-site-backend 0.0.1-SNAPSHOT
[INFO]   from pom.xml
[INFO] --------------------------------[ jar ]---------------------------------
[INFO] 
[INFO] >>> spring-boot:3.4.5:run (default-cli) > test-compile @ petexpress-site-backend >>>
[WARNING] The artifact org.hibernate:hibernate-community-dialects:jar:6.6.13.Final has been relocated to org.hibernate.orm:hibernate-community-dialects:jar:6.6.13.Final
[INFO] 
[INFO] --- resources:3.3.1:resources (default-resources) @ petexpress-site-backend ---
[INFO] Copying 1 resource from src\main\resources to target\classes
[INFO] Copying 5 resources from src\main\resources to target\classes
[INFO] 
[INFO] --- compiler:3.13.0:compile (default-compile) @ petexpress-site-backend ---
[INFO] Nothing to compile - all classes are up to date.
[INFO] 
[INFO] --- resources:3.3.1:testResources (default-testResources) @ petexpress-site-backend ---
[INFO] skip non existing resourceDirectory C:\Users\Gustavo\Downloads\Petexpress-main2\Petexpress-main\petexpress-site-backend\petexpress-site-backend\src\test\resources
[INFO] 
[INFO] --- compiler:3.13.0:testCompile (default-testCompile) @ petexpress-site-backend ---
[INFO] Nothing to compile - all classes are up to date.
[INFO] 
[INFO] <<< spring-boot:3.4.5:run (default-cli) < test-compile @ petexpress-site-backend <<<
[INFO] 
[INFO] 
[INFO] --- spring-boot:3.4.5:run (default-cli) @ petexpress-site-backend ---
[INFO] Attaching agents: []

  .   ____          _            __ _ _
 /\\ / ___'_ __ _ _(_)_ __  __ _ \ \ \ \
( ( )\___ | '_ | '_| | '_ \/ _` | \ \ \ \
 \\/  ___)| |_)| | | | | || (_| |  ) ) ) )
  '  |____| .__|_| |_|_| |_\__, | / / / /
 =========|_|==============|___/=/_/_/_/

 :: Spring Boot ::                (v3.4.5)

2026-04-29T15:26:11.225-03:00  INFO 20440 --- [petexpress-site-backend] [           main] c.p.p.PetexpressSiteBackendApplication   : Starting PetexpressSiteBackendApplication using Java 25.0.2 with PID 20440 (C:\Users\Gustavo\Downloads\Petexpress-main2\Petexpress-main\petexpress-site-backend\petexpress-site-backend\target\classes started by Gustavo in C:\Users\Gustavo\Downloads\Petexpress-main2\Petexpress-main\petexpress-site-backend\petexpress-site-backend)
2026-04-29T15:26:11.227-03:00  INFO 20440 --- [petexpress-site-backend] [           main] c.p.p.PetexpressSiteBackendApplication   : No active profile set, falling back to 1 default profile: "default"
2026-04-29T15:26:11.642-03:00  INFO 20440 --- [petexpress-site-backend] [           main] .s.d.r.c.RepositoryConfigurationDelegate : Bootstrapping Spring Data JPA repositories in DEFAULT mode.
2026-04-29T15:26:11.687-03:00  INFO 20440 --- [petexpress-site-backend] [           main] .s.d.r.c.RepositoryConfigurationDelegate : Finished Spring Data repository scanning in 38 ms. Found 1 JPA repository interface.
2026-04-29T15:26:12.092-03:00  INFO 20440 --- [petexpress-site-backend] [           main] o.s.b.w.embedded.tomcat.TomcatWebServer  : Tomcat initialized with port 8082 (http)
2026-04-29T15:26:12.107-03:00  INFO 20440 --- [petexpress-site-backend] [           main] o.apache.catalina.core.StandardService   : Starting service [Tomcat]
2026-04-29T15:26:12.108-03:00  INFO 20440 --- [petexpress-site-backend] [           main] o.apache.catalina.core.StandardEngine    : Starting Servlet engine: [Apache Tomcat/10.1.40]
2026-04-29T15:26:12.151-03:00  INFO 20440 --- [petexpress-site-backend] [           main] o.a.c.c.C.[Tomcat].[localhost].[/]       : Initializing Spring embedded WebApplicationContext
2026-04-29T15:26:12.152-03:00  INFO 20440 --- [petexpress-site-backend] [           main] w.s.c.ServletWebServerApplicationContext : Root WebApplicationContext: initialization completed in 888 ms
2026-04-29T15:26:12.265-03:00  INFO 20440 --- [petexpress-site-backend] [           main] o.hibernate.jpa.internal.util.LogHelper  : HHH000204: Processing PersistenceUnitInfo [name: default]
2026-04-29T15:26:12.312-03:00  INFO 20440 --- [petexpress-site-backend] [           main] org.hibernate.Version                    : HHH000412: Hibernate ORM core version 6.6.13.Final
2026-04-29T15:26:12.336-03:00  INFO 20440 --- [petexpress-site-backend] [           main] o.h.c.internal.RegionFactoryInitiator    : HHH000026: Second-level cache disabled
2026-04-29T15:26:12.539-03:00  INFO 20440 --- [petexpress-site-backend] [           main] o.s.o.j.p.SpringPersistenceUnitInfo      : No LoadTimeWeaver setup: ignoring JPA class transformer
2026-04-29T15:26:12.562-03:00  INFO 20440 --- [petexpress-site-backend] [           main] com.zaxxer.hikari.HikariDataSource       : HikariPool-1 - Starting...
WARNING: A restricted method in java.lang.System has been called
WARNING: java.lang.System::load has been called by org.sqlite.SQLiteJDBCLoader in an unnamed module (file:/C:/Users/Gustavo/.m2/repository/org/xerial/sqlite-jdbc/3.42.0.0/sqlite-jdbc-3.42.0.0.jar)
WARNING: Use --enable-native-access=ALL-UNNAMED to avoid a warning for callers in this module
WARNING: Restricted methods will be blocked in a future release unless native access is enabled

2026-04-29T15:26:12.648-03:00  INFO 20440 --- [petexpress-site-backend] [           main] com.zaxxer.hikari.pool.HikariPool        : HikariPool-1 - Added connection org.sqlite.jdbc4.JDBC4Connection@569348e1
2026-04-29T15:26:12.649-03:00  INFO 20440 --- [petexpress-site-backend] [           main] com.zaxxer.hikari.HikariDataSource       : HikariPool-1 - Start completed.
2026-04-29T15:26:12.676-03:00  INFO 20440 --- [petexpress-site-backend] [           main] org.hibernate.orm.connections.pooling    : HHH10001005: Database info:
	Database JDBC URL [Connecting through datasource 'HikariDataSource (HikariPool-1)']
	Database driver: undefined/unknown
	Database version: 3.42
	Autocommit mode: undefined/unknown
	Isolation level: undefined/unknown
	Minimum pool size: undefined/unknown
	Maximum pool size: undefined/unknown
2026-04-29T15:26:13.258-03:00  INFO 20440 --- [petexpress-site-backend] [           main] o.h.e.t.j.p.i.JtaPlatformInitiator       : HHH000489: No JTA platform available (set 'hibernate.transaction.jta.platform' to enable JTA platform integration)
2026-04-29T15:26:13.284-03:00  INFO 20440 --- [petexpress-site-backend] [           main] j.LocalContainerEntityManagerFactoryBean : Initialized JPA EntityManagerFactory for persistence unit 'default'
2026-04-29T15:26:13.627-03:00  WARN 20440 --- [petexpress-site-backend] [           main] JpaBaseConfiguration$JpaWebConfiguration : spring.jpa.open-in-view is enabled by default. Therefore, database queries may be performed during view rendering. Explicitly configure spring.jpa.open-in-view to disable this warning
2026-04-29T15:26:13.820-03:00  INFO 20440 --- [petexpress-site-backend] [           main] o.s.b.w.embedded.tomcat.TomcatWebServer  : Tomcat started on port 8082 (http) with context path '/'
2026-04-29T15:26:13.826-03:00  INFO 20440 --- [petexpress-site-backend] [           main] c.p.p.PetexpressSiteBackendApplication   : Started PetexpressSiteBackendApplication in 2.902 seconds (process running for 3.166)
2026-04-29T15:26:27.026-03:00  INFO 20440 --- [petexpress-site-backend] [nio-8082-exec-1] o.a.c.c.C.[Tomcat].[localhost].[/]       : Initializing Spring DispatcherServlet 'dispatcherServlet'
2026-04-29T15:26:27.026-03:00  INFO 20440 --- [petexpress-site-backend] [nio-8082-exec-1] o.s.web.servlet.DispatcherServlet        : Initializing Servlet 'dispatcherServlet'
2026-04-29T15:26:27.028-03:00  INFO 20440 --- [petexpress-site-backend] [nio-8082-exec-1] o.s.web.servlet.DispatcherServlet        : Completed initialization in 0 ms
2026-04-29T15:26:27.135-03:00  INFO 20440 --- [petexpress-site-backend] [nio-8082-exec-1] c.p.p.controller.PagamentoController     : Recebida requisição POST /api/pagamento/criar-preferencia com 1 itens
2026-04-29T15:26:27.135-03:00  INFO 20440 --- [petexpress-site-backend] [nio-8082-exec-1] c.p.p.controller.PagamentoController     : Itens recebidos para preferencia Mercado Pago: [{title=Racao Premium, quantity=1, unit_price=20.0, currency_id=BRL}]
2026-04-29T15:26:27.135-03:00  INFO 20440 --- [petexpress-site-backend] [nio-8082-exec-1] c.p.p.controller.PagamentoController     : Payload enviado ao Mercado Pago: {back_urls={success=http://localhost:8082/sucesso.html, failure=http://localhost:8082/falha.html, pending=http://localhost:8082/pendente.html}, items=[{title=Racao Premium, quantity=1, unit_price=20.0, currency_id=BRL}]}
2026-04-29T15:26:28.188-03:00  INFO 20440 --- [petexpress-site-backend] [nio-8082-exec-1] c.p.p.controller.PagamentoController     : Resposta Mercado Pago status=201 CREATED, body={additional_info=, auto_return=, back_urls={failure=, pending=, success=}, binary_mode=false, client_id=690590767684818, collector_id=3367643984, coupon_code=null, coupon_labels=null, date_created=2026-04-29T14:26:28.910-04:00, date_of_expiration=null, expiration_date_from=null, expiration_date_to=null, expires=false, external_reference=, id=3367643984-467e86ea-a1c1-4eb1-a6bf-2189ba581c50, init_point=https://www.mercadopago.com.br/checkout/v1/redirect?pref_id=3367643984-467e86ea-a1c1-4eb1-a6bf-2189ba581c50, internal_metadata=null, items=[{id=, category_id=, currency_id=BRL, description=, title=Racao Premium, quantity=1, unit_price=20}], marketplace=NONE, marketplace_fee=0, metadata={}, notification_url=null, operation_type=regular_payment, payer={phone={area_code=, number=}, address={zip_code=, street_name=, street_number=null}, email=, identification={number=, type=}, name=, surname=, date_created=null, last_purchase=null}, payment_methods={default_card_id=null, default_payment_method_id=null, excluded_payment_methods=[{id=}], excluded_payment_types=[{id=}], installments=null, default_installments=null}, processing_modes=null, product_id=null, preference_expired=false, redirect_urls={failure=, pending=, success=}, sandbox_init_point=https://sandbox.mercadopago.com.br/checkout/v1/redirect?pref_id=3367643984-467e86ea-a1c1-4eb1-a6bf-2189ba581c50, site_id=MLB, shipments={default_shipping_method=null, receiver_address={zip_code=, street_name=, street_number=null, floor=, apartment=, city_name=null, state_name=null, country_name=null, neighborhood=null}}, total_amount=null, last_updated=null, financing_group=}
2026-04-29T15:31:15.326-03:00  INFO 20440 --- [petexpress-site-backend] [nio-8082-exec-3] c.p.p.controller.PagamentoController     : Recebida requisição POST /api/pagamento/criar-preferencia com 1 itens
2026-04-29T15:31:15.327-03:00  INFO 20440 --- [petexpress-site-backend] [nio-8082-exec-3] c.p.p.controller.PagamentoController     : Itens recebidos para preferencia Mercado Pago: [{title=Racao Premium, quantity=1, unit_price=20.0, currency_id=BRL}]
2026-04-29T15:31:15.327-03:00  INFO 20440 --- [petexpress-site-backend] [nio-8082-exec-3] c.p.p.controller.PagamentoController     : Payload enviado ao Mercado Pago: {back_urls={success=http://localhost:8082/sucesso.html, failure=http://localhost:8082/falha.html, pending=http://localhost:8082/pendente.html}, items=[{title=Racao Premium, quantity=1, unit_price=20.0, currency_id=BRL}]}
2026-04-29T15:31:15.984-03:00  INFO 20440 --- [petexpress-site-backend] [nio-8082-exec-3] c.p.p.controller.PagamentoController     : Resposta Mercado Pago status=201 CREATED, body={additional_info=, auto_return=, back_urls={failure=, pending=, success=}, binary_mode=false, client_id=690590767684818, collector_id=3367643984, coupon_code=null, coupon_labels=null, date_created=2026-04-29T14:31:16.751-04:00, date_of_expiration=null, expiration_date_from=null, expiration_date_to=null, expires=false, external_reference=, id=3367643984-9e9ec5d7-d9a8-4784-b19b-23f6c3d0246e, init_point=https://www.mercadopago.com.br/checkout/v1/redirect?pref_id=3367643984-9e9ec5d7-d9a8-4784-b19b-23f6c3d0246e, internal_metadata=null, items=[{id=, category_id=, currency_id=BRL, description=, title=Racao Premium, quantity=1, unit_price=20}], marketplace=NONE, marketplace_fee=0, metadata={}, notification_url=null, operation_type=regular_payment, payer={phone={area_code=, number=}, address={zip_code=, street_name=, street_number=null}, email=, identification={number=, type=}, name=, surname=, date_created=null, last_purchase=null}, payment_methods={default_card_id=null, default_payment_method_id=null, excluded_payment_methods=[{id=}], excluded_payment_types=[{id=}], installments=null, default_installments=null}, processing_modes=null, product_id=null, preference_expired=false, redirect_urls={failure=, pending=, success=}, sandbox_init_point=https://sandbox.mercadopago.com.br/checkout/v1/redirect?pref_id=3367643984-9e9ec5d7-d9a8-4784-b19b-23f6c3d0246e, site_id=MLB, shipments={default_shipping_method=null, receiver_address={zip_code=, street_name=, street_number=null, floor=, apartment=, city_name=null, state_name=null, country_name=null, neighborhood=null}}, total_amount=null, last_updated=null, financing_group=}
2026-04-29T15:33:55.124-03:00  INFO 20440 --- [petexpress-site-backend] [nio-8082-exec-4] c.p.p.controller.PagamentoController     : Recebida requisição POST /api/pagamento/criar-preferencia com 1 itens
2026-04-29T15:33:55.124-03:00  INFO 20440 --- [petexpress-site-backend] [nio-8082-exec-4] c.p.p.controller.PagamentoController     : Itens recebidos para preferencia Mercado Pago: [{title=Racao Premium, quantity=1, unit_price=20.0, currency_id=BRL}]
2026-04-29T15:33:55.124-03:00  INFO 20440 --- [petexpress-site-backend] [nio-8082-exec-4] c.p.p.controller.PagamentoController     : Payload enviado ao Mercado Pago: {back_urls={success=http://localhost:8082/sucesso.html, failure=http://localhost:8082/falha.html, pending=http://localhost:8082/pendente.html}, items=[{title=Racao Premium, quantity=1, unit_price=20.0, currency_id=BRL}]}
2026-04-29T15:33:55.771-03:00  INFO 20440 --- [petexpress-site-backend] [nio-8082-exec-4] c.p.p.controller.PagamentoController     : Resposta Mercado Pago status=201 CREATED, body={additional_info=, auto_return=, back_urls={failure=, pending=, success=}, binary_mode=false, client_id=690590767684818, collector_id=3367643984, coupon_code=null, coupon_labels=null, date_created=2026-04-29T14:33:56.551-04:00, date_of_expiration=null, expiration_date_from=null, expiration_date_to=null, expires=false, external_reference=, id=3367643984-d6c97846-0ecb-4652-984a-faff1e691e0f, init_point=https://www.mercadopago.com.br/checkout/v1/redirect?pref_id=3367643984-d6c97846-0ecb-4652-984a-faff1e691e0f, internal_metadata=null, items=[{id=, category_id=, currency_id=BRL, description=, title=Racao Premium, quantity=1, unit_price=20}], marketplace=NONE, marketplace_fee=0, metadata={}, notification_url=null, operation_type=regular_payment, payer={phone={area_code=, number=}, address={zip_code=, street_name=, street_number=null}, email=, identification={number=, type=}, name=, surname=, date_created=null, last_purchase=null}, payment_methods={default_card_id=null, default_payment_method_id=null, excluded_payment_methods=[{id=}], excluded_payment_types=[{id=}], installments=null, default_installments=null}, processing_modes=null, product_id=null, preference_expired=false, redirect_urls={failure=, pending=, success=}, sandbox_init_point=https://sandbox.mercadopago.com.br/checkout/v1/redirect?pref_id=3367643984-d6c97846-0ecb-4652-984a-faff1e691e0f, site_id=MLB, shipments={default_shipping_method=null, receiver_address={zip_code=, street_name=, street_number=null, floor=, apartment=, city_name=null, state_name=null, country_name=null, neighborhood=null}}, total_amount=null, last_updated=null, financing_group=}
[INFO] ------------------------------------------------------------------------
[INFO] BUILD FAILURE
[INFO] ------------------------------------------------------------------------
[INFO] Total time:  09:40 min
[INFO] Finished at: 2026-04-29T15:35:49-03:00
[INFO] ------------------------------------------------------------------------
[ERROR] Failed to execute goal org.springframework.boot:spring-boot-maven-plugin:3.4.5:run (default-cli) on project petexpress-site-backend: Process terminated with exit code: -1 -> [Help 1]
[ERROR] 
[ERROR] To see the full stack trace of the errors, re-run Maven with the -e switch.
[ERROR] Re-run Maven using the -X switch to enable full debug logging.
[ERROR] 
[ERROR] For more information about the errors and possible solutions, please read the following articles:
[ERROR] [Help 1] http://cwiki.apache.org/confluence/display/MAVEN/MojoExecutionException
